STL translation to Solid Edge
Date: Wednesday,July 08,2020 08:17AM
Source File:C:\Users\gibbens\Documents\PrusaMini\BookMarks\thing694587\segnalibro_piedi - Copy.stl
Author: Unknown
Organization: Unknown
Source System: DEX

Hardware:
Processor: Intel(R) Core(TM) i7-8850H CPU @ 2.60GHz
Operating System: Windows 10 Enterprise Edition
Installed Memory: 31.8 GB

Software Information:
Parasolid Version: 32.1.141
PSBodyshop Version: 31.1.110
Solid Edge Version: 221.00.00.056 x64

STL Import Options
Heal Mesh Faults:Off
Make Base Feature:On
Enable Logging:On

Translation progress:
Translation process completed
Time required to translate:00 : 00 : 10
