STL translation to Solid Edge
Date: Friday,July 17,2020 07:49PM
Source File:C:\Users\gibbens\Documents\PrusaMini\thing3092950\Bookmark\files\Mighty_Leelo-Trug.stl
Author: Unknown
Organization: Unknown
Source System: DEX

Hardware:
Processor: Intel(R) Core(TM) i7-8850H CPU @ 2.60GHz
Operating System: Windows 10 Enterprise Edition
Installed Memory: 31.8 GB

Software Information:
Parasolid Version: 33.0.128
PSBodyshop Version: 33.0.86
Solid Edge Version: 222.00.00.011 x64

STL Import Options
Heal Mesh Faults:Off
Make Base Feature:On
Enable Logging:On

Translation progress:
Translation process completed
Time required to translate:00 : 00 : 03
