Solid Edge Translation to STEP
Date: Wednesday,November 23,2022 02:39PM
Output File: C:\Users\gibbens\Documents\PrusaMini\KitchenTableFootSpreader.stp
Author: Unknown
Organization: Unknown
Source System: Solid Edge

Hardware:
Processor: Intel(R) Core(TM) i7-8850H CPU @ 2.60GHz
Operating System: Windows 10 Enterprise Edition
Installed Memory: 31.8 GB

Software Information
Parasolid Version: 33.0.171
PSBodyShop Version: 33.0.86
Step Adapter Version: 7.0.79
Solid Edge Version: 222.00.00.023 x64

STEP Export Options
Export Format: AP214
Export Construction Sheets: Off
Export Construction Solids: Off
Export Construction Wires: Off
Export Displayed Parts Only: Off
Export Units: Millimeters
Export Part Component Names As Unicode: Off
Export PMI: Off

Phase 1 of 1 Translating Parasolid to foreign data types...
Translation process completed
Time required to translate:00 : 00 : 01
