STL translation to Solid Edge
Date: Sunday,August 16,2020 09:46PM
Source File:C:\Users\gibbens\Documents\PrusaMini\Curioes\thing600228\thumbring.STL
Author: Unknown
Organization: Unknown
Source System: DEX

Hardware:
Processor: Intel(R) Core(TM) i7-8850H CPU @ 2.60GHz
Operating System: Windows 10 Enterprise Edition
Installed Memory: 31.8 GB

Software Information:
Parasolid Version: 33.0.128
PSBodyshop Version: 33.0.86
Solid Edge Version: 222.00.00.011 x64

STL Import Options
Heal Mesh Faults:On
Make Base Feature:On
Enable Logging:On

Translation progress:
Translation process completed
Time required to translate:00 : 00 : 01
