Solid Edge Translation to STL
Date: Sunday,January 24,2021 09:49AM
Source File:C:\Users\gibbens\Documents\PrusaMini\FairyDoorFittings\Backplate02.par
Source System: SOLID EDGE

Hardware:
Processor: Intel(R) Core(TM) i7-8850H CPU @ 2.60GHz
Operating System: Windows 10 Enterprise Edition
Installed Memory: 31.8 GB

Software Information:
Parasolid Version: 33.0.171
PSBodyshop Version: 33.0.86
Solid Edge Version: 222.00.00.023 x64

STL Export Options:
Output File Format:BINARY
Export Displayed Parts:On
structureOption: Monolithic
Export Units:Millimeter
Export Tolerance Value:0.001000
Export Tolerance Type:Fine
Export Surface Plane Angle Value:0.523599

Translation progress:
Phase 1 of 2 Fetching Parasolid information...
Phase 2 of 2 Translating Parasolid to foreign data types...
Number of STL file Created : 1
Translation process completed
Time required to translate:00 : 00 : 00
