Solid Edge Translation to STL
Date: Saturday,August 01,2020 08:51PM
Source File:C:\Users\gibbens\Documents\PrusaMini\SquareClock\Base.par
Source System: SOLID EDGE

Hardware:
Processor: Intel(R) Core(TM) i7-8850H CPU @ 2.60GHz
Operating System: Windows 10 Enterprise Edition
Installed Memory: 31.8 GB

Software Information:
Parasolid Version: 33.0.128
PSBodyshop Version: 33.0.86
Solid Edge Version: 222.00.00.011 x64

STL Export Options:
Output File Format:BINARY
Export Displayed Parts:On
structureOption: Monolithic
Export Units:Millimeter
Export Tolerance Value:0.050000
Export Tolerance Type:Custom
Export Surface Plane Angle Value:0.523599

Translation progress:
Phase 1 of 2 Fetching Parasolid information...
Phase 2 of 2 Translating Parasolid to foreign data types...
Number of STL file Created : 1
Translation process completed
Time required to translate:00 : 00 : 00
